Arguments: 
  /usr/bin/node /usr/local/bin/yarn run xslt -xsl:tei-to-ead.xml -s:/var/www/tst/mss/Indien_0063.xml -o:indien_63-ead.xml -t

PATH: 
  /usr/local/sbin:/usr/local/bin:/usr/sbin:/usr/bin:/sbin:/bin:/usr/games:/usr/local/games:/snap/bin:/snap/bin:/home/chuck/.local/bin

Yarn version: 
  1.22.17

Node version: 
  12.22.5

Platform: 
  linux x64

Trace: 
  SyntaxError: /var/www/tst/lib/xslt/bnf/package.json: Unexpected string in JSON at position 257
      at JSON.parse (<anonymous>)
      at /usr/local/lib/node_modules/yarn/lib/cli.js:1625:59
      at Generator.next (<anonymous>)
      at step (/usr/local/lib/node_modules/yarn/lib/cli.js:310:30)
      at /usr/local/lib/node_modules/yarn/lib/cli.js:321:13

npm manifest: 
  {
    "name": "tei-to-bnf",
    "version": "1.0.0",
    "description": "convert TST TEI to BNF EAD",
    "main": "index.js",
    "license": "MIT",
    "devDependencies": {
      "xslt3": "^2.3.0"
    },
    "scripts": {
      "xslt": "nodejs ./node_modules/xslt3/xslt3.js"
      "lint": "xmllint --dtdvalid ead.dtd --pretty 1"
    }
  }

yarn manifest: 
  No manifest

Lockfile: 
  # THIS IS AN AUTOGENERATED FILE. DO NOT EDIT THIS FILE DIRECTLY.
  # yarn lockfile v1
  
  
  axios@^0.21.1:
    version "0.21.4"
    resolved "https://registry.yarnpkg.com/axios/-/axios-0.21.4.tgz#c67b90dc0568e5c1cf2b0b858c43ba28e2eda575"
    integrity sha512-ut5vewkiu8jjGBdqpM44XxjuCjq9LAKeHVmoVfHVzy8eHgxxq8SbAVQNovDA8mVi05kP0Ea/n/UzcSHcTJQfNg==
    dependencies:
      follow-redirects "^1.14.0"
  
  follow-redirects@^1.14.0:
    version "1.14.9"
    resolved "https://registry.yarnpkg.com/follow-redirects/-/follow-redirects-1.14.9.tgz#dd4ea157de7bfaf9ea9b3fbd85aa16951f78d8d7"
    integrity sha512-MQDfihBQYMcyy5dhRDJUHcw7lb2Pv/TuE6xP1vyraLukNDHKbDxDNaOE3NbCAdKQApno+GPRyo1YAp89yCjK4w==
  
  saxon-js@^2.3.0:
    version "2.3.0"
    resolved "https://registry.yarnpkg.com/saxon-js/-/saxon-js-2.3.0.tgz#b9e0153e5b07fe5218056d187617a02329602b63"
    integrity sha512-kNmXUkiQjJnk6sxdVNBhNxk4nwwZ5ZxHu+AyqxVgyiDaQoMbEOI8xO8eyEpbXF7/KAxJBGJCgKRUHT340Imp6Q==
    dependencies:
      axios "^0.21.1"
  
  xslt3@^2.3.0:
    version "2.3.0"
    resolved "https://registry.yarnpkg.com/xslt3/-/xslt3-2.3.0.tgz#5139360bd2bbd6de1d8f91cca5c86f96b53970b4"
    integrity sha512-+DHoUmPzHQOtYflpV8M6UNKvupQvdr5BCcHvDdnMFkOcm1yTawTy3fH4/JV3JKbExHICjpC8BF0yFpEpczQkXQ==
    dependencies:
      axios "^0.21.1"
      saxon-js "^2.3.0"
